<?xml version="1.0" encoding="UTF-8"?>
<!-- Generated by org.testng.reporters.JUnitXMLReporter -->
<testsuite ignored="7" hostname="LAPTOP-4H9OMSJB" failures="0" tests="1" name="Default test" time="62.913" errors="0" timestamp="2023-01-01T10:59:23 IST">
  <testcase classname="testcases.test_cases" name="PIM_modify" time="40.564"/>
  <testcase classname="testcases.test_cases" name="login_bothinvalid" time="0.0">
    <ignored/>
  </testcase> <!-- login_bothinvalid -->
  <testcase classname="testcases.test_cases" name="login_empty" time="0.0">
    <ignored/>
  </testcase> <!-- login_empty -->
  <testcase classname="testcases.test_cases" name="PIM_addemp" time="0.0">
    <ignored/>
  </testcase> <!-- PIM_addemp -->
  <testcase classname="testcases.test_cases" name="login_invaliduname" time="0.0">
    <ignored/>
  </testcase> <!-- login_invaliduname -->
  <testcase classname="testcases.test_cases" name="login_validtest" time="0.0">
    <ignored/>
  </testcase> <!-- login_validtest -->
  <testcase classname="testcases.test_cases" name="login_invalidpass" time="0.0">
    <ignored/>
  </testcase> <!-- login_invalidpass -->
  <testcase classname="testcases.test_cases" name="PIM_delete" time="0.0">
    <ignored/>
  </testcase> <!-- PIM_delete -->
</testsuite> <!-- Default test -->
