<?xml version="1.0" encoding="UTF-8"?>
<testng-results ignored="7" total="8" passed="1" failed="0" skipped="0">
  <reporter-output>
  </reporter-output>
  <suite started-at="2023-01-01T10:58:20 IST" name="Default suite" finished-at="2023-01-01T10:59:23 IST" duration-ms="62913">
    <groups>
    </groups>
    <test started-at="2023-01-01T10:58:20 IST" name="Default test" finished-at="2023-01-01T10:59:23 IST" duration-ms="62913">
      <class name="testcases.test_cases">
        <test-method is-config="true" signature="prelaunch()[pri:0, instance:testcases.test_cases@2d52216b]" started-at="2023-01-01T10:58:20 IST" name="prelaunch" finished-at="2023-01-01T10:58:20 IST" duration-ms="247" status="PASS">
          <reporter-output>
          </reporter-output>
        </test-method> <!-- prelaunch -->
        <test-method is-config="true" signature="launch()[pri:0, instance:testcases.test_cases@2d52216b]" started-at="2023-01-01T10:58:20 IST" name="launch" finished-at="2023-01-01T10:58:26 IST" duration-ms="5810" status="PASS">
          <reporter-output>
          </reporter-output>
        </test-method> <!-- launch -->
        <test-method signature="PIM_modify()[pri:0, instance:testcases.test_cases@2d52216b]" started-at="2023-01-01T10:58:26 IST" name="PIM_modify" finished-at="2023-01-01T10:59:07 IST" duration-ms="40564" status="PASS">
          <reporter-output>
          </reporter-output>
        </test-method> <!-- PIM_modify -->
        <test-method is-config="true" signature="close()[pri:0, instance:testcases.test_cases@2d52216b]" started-at="2023-01-01T10:59:07 IST" name="close" finished-at="2023-01-01T10:59:23 IST" duration-ms="16518" status="PASS">
          <reporter-output>
          </reporter-output>
        </test-method> <!-- close -->
        <test-method is-config="true" signature="postlaunch()[pri:0, instance:testcases.test_cases@2d52216b]" started-at="2023-01-01T10:59:23 IST" name="postlaunch" finished-at="2023-01-01T10:59:23 IST" duration-ms="22" status="PASS">
          <reporter-output>
          </reporter-output>
        </test-method> <!-- postlaunch -->
      </class> <!-- testcases.test_cases -->
    </test> <!-- Default test -->
  </suite> <!-- Default suite -->
</testng-results>
